  glad.c
  cube.cpp
  frustum.cpp
  glslprogram.cpp
  glutils.cpp
  grid.cpp
C:\Dependencies\CW2 COMP3015\COMP3015\CW2 COMP3015\Project_Template\helper\grid.cpp(9,26): warning C4101: 'z': unreferenced local variable
C:\Dependencies\CW2 COMP3015\COMP3015\CW2 COMP3015\Project_Template\helper\grid.cpp(9,13): warning C4101: 'x': unreferenced local variable
  objmesh.cpp
C:\Dependencies\CW2 COMP3015\COMP3015\CW2 COMP3015\Project_Template\helper\objmesh.cpp(188,43): warning C4267: '+=': conversion from 'size_t' to 'int', possible loss of data
C:\Dependencies\CW2 COMP3015\COMP3015\CW2 COMP3015\Project_Template\helper\objmesh.cpp(194,50): warning C4267: '+=': conversion from 'size_t' to 'int', possible loss of data
C:\Dependencies\CW2 COMP3015\COMP3015\CW2 COMP3015\Project_Template\helper\objmesh.cpp(198,45): warning C4267: '+=': conversion from 'size_t' to 'int', possible loss of data
  plane.cpp
  skybox.cpp
  stb_image.cpp
  teapot.cpp
  texture.cpp
  torus.cpp
  trianglemesh.cpp
  main.cpp
  scenebasic_uniform.cpp
C:\Dependencies\CW2 COMP3015\COMP3015\CW2 COMP3015\Project_Template\scenebasic_uniform.cpp(148,23): warning C4018: '<': signed/unsigned mismatch
LINK : warning LNK4098: defaultlib 'MSVCRTD' conflicts with use of other libs; use /NODEFAULTLIB:library
  Generating code
  1297 of 1322 functions (98.1%) were compiled, the rest were copied from previous compilation.
    2 functions were new in current compilation
    2 functions had inline decision re-evaluated but remain unchanged
  Finished generating code
  Project_Template.vcxproj -> C:\Dependencies\CW2 COMP3015\COMP3015\CW2 COMP3015\Project_Template\x64\Release\Project_Template.exe
